<?xml version="1.0" encoding="UTF-8"?>
<!-- Generated by org.testng.reporters.JUnitXMLReporter -->
<testsuite ignored="0" hostname="QT-LP003" failures="1" tests="1" name="Test" time="22.111" errors="0" timestamp="2025-05-26T15:01:21 IST">
  <testcase classname="testNgday3.UnderstandingListeners" name="validLoginWithInvalid1" time="21.825">
    <failure type="java.lang.AssertionError" message="expected [true] but found [false]">
      <![CDATA[java.lang.AssertionError: expected [true] but found [false]
at testNgday3.UnderstandingListeners.validLoginWithInvalid1(UnderstandingListeners.java:19)
at java.base/java.util.ArrayList.forEach(ArrayList.java:1597)
... Removed 29 stack frames]]>
    </failure>
  </testcase> <!-- validLoginWithInvalid1 -->
</testsuite> <!-- Test -->
