<?xml version="1.0" encoding="UTF-8"?>
<!-- Generated by org.testng.reporters.JUnitXMLReporter -->
<testsuite ignored="0" hostname="QT-LP003" failures="0" tests="4" name="Test" time="17.287" errors="0" timestamp="2025-05-30T15:35:51 IST">
  <testcase classname="testNgday2.ParallelTesting" name="test1" time="9.796"/>
  <testcase classname="testNgday2.ParallelTesting" name="test2" time="10.021"/>
  <testcase classname="testNgday2.ParallelTesting" name="test4" time="7.028"/>
  <testcase classname="testNgday2.ParallelTesting" name="test3" time="7.386"/>
</testsuite> <!-- Test -->
