<?xml version="1.0" encoding="UTF-8"?>
<testng-results ignored="0" total="4" passed="4" failed="0" skipped="0">
  <reporter-output>
  </reporter-output>
  <suite started-at="2025-05-30T15:35:34 IST" name="Suite" finished-at="2025-05-30T15:35:51 IST" duration-ms="17287">
    <groups>
    </groups>
    <test started-at="2025-05-30T15:35:34 IST" name="Test" finished-at="2025-05-30T15:35:51 IST" duration-ms="17287">
      <class name="testNgday2.ParallelTesting">
        <test-method signature="test2()[pri:0, instance:testNgday2.ParallelTesting@61862a7f]" started-at="2025-05-30T15:35:34 IST" name="test2" finished-at="2025-05-30T15:35:44 IST" duration-ms="10021" status="PASS">
          <reporter-output>
          </reporter-output>
        </test-method> <!-- test2 -->
        <test-method signature="test1()[pri:0, instance:testNgday2.ParallelTesting@61862a7f]" started-at="2025-05-30T15:35:34 IST" name="test1" finished-at="2025-05-30T15:35:44 IST" duration-ms="9796" status="PASS">
          <reporter-output>
          </reporter-output>
        </test-method> <!-- test1 -->
        <test-method signature="test3()[pri:0, instance:testNgday2.ParallelTesting@61862a7f]" started-at="2025-05-30T15:35:44 IST" name="test3" finished-at="2025-05-30T15:35:51 IST" duration-ms="7386" status="PASS">
          <reporter-output>
          </reporter-output>
        </test-method> <!-- test3 -->
        <test-method signature="test4()[pri:0, instance:testNgday2.ParallelTesting@61862a7f]" started-at="2025-05-30T15:35:44 IST" name="test4" finished-at="2025-05-30T15:35:51 IST" duration-ms="7028" status="PASS">
          <reporter-output>
          </reporter-output>
        </test-method> <!-- test4 -->
      </class> <!-- testNgday2.ParallelTesting -->
    </test> <!-- Test -->
  </suite> <!-- Suite -->
</testng-results>
