<?xml version="1.0" encoding="UTF-8"?>
<!-- Generated by org.testng.reporters.JUnitXMLReporter -->
<testsuite ignored="0" hostname="QT-LP003" failures="0" tests="3" name="GRP-reg,smoke" time="0.12" errors="0" timestamp="2025-05-23T15:10:05 IST">
  <testcase classname="testNgday1.GroupingTest" name="addToCart" time="0.018"/>
  <testcase classname="testNgday1.GroupingTest" name="loginTest" time="0.003"/>
  <testcase classname="testNgday1.GroupingTest" name="logoutTest" time="0.003"/>
</testsuite> <!-- GRP-reg,smoke -->
