<?xml version="1.0" encoding="UTF-8"?>
<!-- Generated by org.testng.reporters.JUnitXMLReporter -->
<testsuite ignored="1" hostname="QT-LP003" failures="0" tests="2" name="GRP-reg" time="0.176" errors="0" timestamp="2025-05-23T15:16:32 IST">
  <testcase classname="testNgday1.GroupingTest" name="addToCart" time="0.024"/>
  <testcase classname="testNgday1.GroupingTest" name="logoutTest" time="0.007"/>
  <testcase classname="testNgday1.GroupingTest" name="loginTest" time="0.0">
    <ignored/>
  </testcase> <!-- loginTest -->
</testsuite> <!-- GRP-reg -->
