<?xml version="1.0" encoding="UTF-8"?>
<!-- Generated by org.testng.reporters.JUnitXMLReporter -->
<testsuite ignored="2" hostname="QT-LP003" failures="0" tests="1" name="GRP-smoke" time="0.147" errors="0" timestamp="2025-05-23T15:15:59 IST">
  <testcase classname="testNgday1.GroupingTest" name="loginTest" time="0.029"/>
  <testcase classname="testNgday1.GroupingTest" name="addToCart" time="0.0">
    <ignored/>
  </testcase> <!-- addToCart -->
  <testcase classname="testNgday1.GroupingTest" name="logoutTest" time="0.0">
    <ignored/>
  </testcase> <!-- logoutTest -->
</testsuite> <!-- GRP-smoke -->
