<?xml version="1.0" encoding="UTF-8"?>
<testng-results ignored="0" total="2" passed="2" failed="0" skipped="0">
  <reporter-output>
  </reporter-output>
  <suite started-at="2025-05-30T15:12:18 IST" name="Suite" finished-at="2025-05-30T15:12:43 IST" duration-ms="24815">
    <groups>
    </groups>
    <test started-at="2025-05-30T15:12:18 IST" name="Test" finished-at="2025-05-30T15:12:43 IST" duration-ms="24815">
      <class name="pom.LoginTest">
        <test-method is-config="true" signature="setUp()[pri:0, instance:pom.LoginTest@7770f470]" started-at="2025-05-30T15:12:18 IST" name="setUp" finished-at="2025-05-30T15:12:22 IST" duration-ms="4154" status="PASS">
          <reporter-output>
          </reporter-output>
        </test-method> <!-- setUp -->
        <test-method signature="loginTest1()[pri:0, instance:pom.LoginTest@7770f470]" started-at="2025-05-30T15:12:22 IST" name="loginTest1" finished-at="2025-05-30T15:12:30 IST" duration-ms="7775" status="PASS">
          <reporter-output>
          </reporter-output>
        </test-method> <!-- loginTest1 -->
        <test-method is-config="true" signature="setUp()[pri:0, instance:pom.LoginTest@7770f470]" started-at="2025-05-30T15:12:30 IST" name="setUp" finished-at="2025-05-30T15:12:38 IST" duration-ms="7632" status="PASS">
          <reporter-output>
          </reporter-output>
        </test-method> <!-- setUp -->
        <test-method signature="loginTest2()[pri:0, instance:pom.LoginTest@7770f470]" started-at="2025-05-30T15:12:38 IST" name="loginTest2" finished-at="2025-05-30T15:12:43 IST" duration-ms="5132" status="PASS">
          <reporter-output>
          </reporter-output>
        </test-method> <!-- loginTest2 -->
      </class> <!-- pom.LoginTest -->
    </test> <!-- Test -->
  </suite> <!-- Suite -->
</testng-results>
